\BOOKMARK [0][-]{section*.6}{Introducci\363n}{}% 1
\BOOKMARK [0][-]{chapter*.8}{Cap\355tulo 1: Fundamentos te\363ricos}{}% 2
\BOOKMARK [1][-]{section.1.1}{Sistemas de capacitaci\363n laboral}{chapter*.8}% 3
\BOOKMARK [2][-]{subsection.1.1.1}{Caracter\355sticas de un sistema de capacitaci\363n}{section.1.1}% 4
\BOOKMARK [2][-]{subsection.1.1.2}{Importancia de una buena capacitaci\363n}{section.1.1}% 5
\BOOKMARK [2][-]{subsection.1.1.3}{Proceso de evaluaci\363n en una capacitaci\363n}{section.1.1}% 6
\BOOKMARK [2][-]{subsection.1.1.4}{Fases del proceso de evaluaci\363n}{section.1.1}% 7
\BOOKMARK [2][-]{subsection.1.1.5}{Criterios de evaluaci\363n de un proceso}{section.1.1}% 8
\BOOKMARK [2][-]{subsection.1.1.6}{Proceso de validaci\363n de las respuestas}{section.1.1}% 9
\BOOKMARK [1][-]{section.1.2}{Sistemas de capacitaci\363n automatizados}{chapter*.8}% 10
\BOOKMARK [2][-]{subsection.1.2.1}{Ventajas en un sistema de capacitaci\363n automatizado}{section.1.2}% 11
\BOOKMARK [2][-]{subsection.1.2.2}{Tipos de preguntas en un sistema de capacitaci\363n automatizado}{section.1.2}% 12
\BOOKMARK [2][-]{subsection.1.2.3}{Colores utilizados en un sistema digital}{section.1.2}% 13
\BOOKMARK [2][-]{subsection.1.2.4}{Proceso de validaci\363n de las respuestas}{section.1.2}% 14
\BOOKMARK [1][-]{section.1.3}{Sistemas expertos}{chapter*.8}% 15
\BOOKMARK [2][-]{subsection.1.3.1}{Desventajas de los sistemas expertos}{section.1.3}% 16
\BOOKMARK [2][-]{subsection.1.3.2}{Ventajas de los sistemas expertos}{section.1.3}% 17
\BOOKMARK [2][-]{subsection.1.3.3}{Componentes de un sistema experto}{section.1.3}% 18
\BOOKMARK [1][-]{section.1.4}{Sistema Generador de Bases de Conocimiento}{chapter*.8}% 19
\BOOKMARK [2][-]{subsection.1.4.1}{Funcionamiento del generador}{section.1.4}% 20
\BOOKMARK [2][-]{subsection.1.4.2}{Informaci\363n de los ficheros anm}{section.1.4}% 21
\BOOKMARK [2][-]{subsection.1.4.3}{Informaci\363n de los ficheros drl}{section.1.4}% 22
\BOOKMARK [1][-]{section.1.5}{Sistema de entrenamiento SECPROIT}{chapter*.8}% 23
\BOOKMARK [2][-]{subsection.1.5.1}{Funcionamiento del SECPROIT}{section.1.5}% 24
\BOOKMARK [2][-]{subsection.1.5.2}{Limitaciones actuales del sistema}{section.1.5}% 25
\BOOKMARK [1][-]{section.1.6}{Conclusiones parciales}{chapter*.8}% 26
\BOOKMARK [0][-]{section*.12}{Conclusiones}{}% 27
\BOOKMARK [0][-]{section*.13}{Recomendaciones}{}% 28
\BOOKMARK [0][-]{section*.15}{Referencias bibliogr\341ficas}{}% 29
\BOOKMARK [0][-]{section*.17}{Anexos}{}% 30
